2015/02/26 13:50:46 [error] [exception.CException] exception 'CException' with message 'Property "Users.name" is not defined.' in C:\xampp\htdocs\Yii\Yii1.1\test\framework\base\CComponent.php:130
Stack trace:
#0 C:\xampp\htdocs\Yii\Yii1.1\test\framework\db\ar\CActiveRecord.php(145): CComponent->__get('name')
#1 C:\xampp\htdocs\Yii\Yii1.1\test\framework\web\helpers\CHtml.php(2728): CActiveRecord->__get('name')
#2 C:\xampp\htdocs\Yii\Yii1.1\test\framework\web\helpers\CHtml.php(2451): CHtml::resolveValue(Object(Users), 'name')
#3 C:\xampp\htdocs\Yii\Yii1.1\test\framework\web\helpers\CHtml.php(1533): CHtml::activeInputField('text', Object(Users), 'name', Array)
#4 C:\xampp\htdocs\Yii\Yii1.1\test\framework\web\widgets\CActiveForm.php(792): CHtml::activeTextField(Object(Users), 'name', Array)
#5 C:\xampp\htdocs\cloudAdmin\protected\modules\admin\views\users\_search.php(36): CActiveForm->textField(Object(Users), 'name', Array)
#6 C:\xampp\htdocs\Yii\Yii1.1\test\framework\web\CBaseController.php(126): require('C:\xampp\htdocs...')
#7 C:\xampp\htdocs\Yii\Yii1.1\test\framework\web\CBaseController.php(95): CBaseController->renderInternal('C:\xampp\htdocs...', Array, true)
#8 C:\xampp\htdocs\Yii\Yii1.1\test\framework\web\CController.php(869): CBaseController->renderFile('C:\xampp\htdocs...', Array, true)
#9 C:\xampp\htdocs\cloudAdmin\protected\modules\admin\views\users\admin.php(54): CController->renderPartial('_search', Array)
#10 C:\xampp\htdocs\Yii\Yii1.1\test\framework\web\CBaseController.php(126): require('C:\xampp\htdocs...')
#11 C:\xampp\htdocs\Yii\Yii1.1\test\framework\web\CBaseController.php(95): CBaseController->renderInternal('C:\xampp\htdocs...', Array, true)
#12 C:\xampp\htdocs\Yii\Yii1.1\test\framework\web\CController.php(869): CBaseController->renderFile('C:\xampp\htdocs...', Array, true)
#13 C:\xampp\htdocs\Yii\Yii1.1\test\framework\web\CController.php(782): CController->renderPartial('admin', Array, true)
#14 C:\xampp\htdocs\cloudAdmin\protected\modules\admin\controllers\UsersController.php(172): CController->render('admin', Array)
#15 C:\xampp\htdocs\Yii\Yii1.1\test\framework\web\actions\CInlineAction.php(49): UsersController->actionAdmin()
#16 C:\xampp\htdocs\Yii\Yii1.1\test\framework\web\CController.php(308): CInlineAction->runWithParams(Array)
#17 C:\xampp\htdocs\Yii\Yii1.1\test\framework\web\filters\CFilterChain.php(133): CController->runAction(Object(CInlineAction))
#18 C:\xampp\htdocs\Yii\Yii1.1\test\framework\web\filters\CFilter.php(40): CFilterChain->run()
#19 C:\xampp\htdocs\Yii\Yii1.1\test\framework\web\CController.php(1145): CFilter->filter(Object(CFilterChain))
#20 C:\xampp\htdocs\Yii\Yii1.1\test\framework\web\filters\CInlineFilter.php(58): CController->filterAccessControl(Object(CFilterChain))
#21 C:\xampp\htdocs\Yii\Yii1.1\test\framework\web\filters\CFilterChain.php(130): CInlineFilter->filter(Object(CFilterChain))
#22 C:\xampp\htdocs\Yii\Yii1.1\test\framework\web\CController.php(291): CFilterChain->run()
#23 C:\xampp\htdocs\Yii\Yii1.1\test\framework\web\CController.php(265): CController->runActionWithFilters(Object(CInlineAction), Array)
#24 C:\xampp\htdocs\Yii\Yii1.1\test\framework\web\CWebApplication.php(282): CController->run('admin')
#25 C:\xampp\htdocs\Yii\Yii1.1\test\framework\web\CWebApplication.php(141): CWebApplication->runController('admin/users/adm...')
#26 C:\xampp\htdocs\Yii\Yii1.1\test\framework\base\CApplication.php(184): CWebApplication->processRequest()
#27 C:\xampp\htdocs\cloudAdmin\index.php(13): CApplication->run()
#28 {main}
REQUEST_URI=/cloudAdmin/index.php?r=admin/users/admin
HTTP_REFERER=http://localhost:1500/cloudAdmin/index.php?r=admin
---
2015/02/26 13:51:36 [error] [exception.CException] exception 'CException' with message 'Property "Users.ID" is not defined.' in C:\xampp\htdocs\Yii\Yii1.1\test\framework\base\CComponent.php:130
Stack trace:
#0 C:\xampp\htdocs\Yii\Yii1.1\test\framework\db\ar\CActiveRecord.php(145): CComponent->__get('ID')
#1 C:\xampp\htdocs\Yii\Yii1.1\test\framework\web\helpers\CHtml.php(2728): CActiveRecord->__get('ID')
#2 C:\xampp\htdocs\Yii\Yii1.1\test\framework\web\helpers\CHtml.php(2451): CHtml::resolveValue(Object(Users), 'ID')
#3 C:\xampp\htdocs\Yii\Yii1.1\test\framework\web\helpers\CHtml.php(1533): CHtml::activeInputField('text', Object(Users), 'ID', Array)
#4 C:\xampp\htdocs\Yii\Yii1.1\test\framework\web\widgets\CActiveForm.php(792): CHtml::activeTextField(Object(Users), 'ID', Array)
#5 C:\xampp\htdocs\cloudAdmin\protected\modules\admin\views\users\_search.php(36): CActiveForm->textField(Object(Users), 'ID', Array)
#6 C:\xampp\htdocs\Yii\Yii1.1\test\framework\web\CBaseController.php(126): require('C:\xampp\htdocs...')
#7 C:\xampp\htdocs\Yii\Yii1.1\test\framework\web\CBaseController.php(95): CBaseController->renderInternal('C:\xampp\htdocs...', Array, true)
#8 C:\xampp\htdocs\Yii\Yii1.1\test\framework\web\CController.php(869): CBaseController->renderFile('C:\xampp\htdocs...', Array, true)
#9 C:\xampp\htdocs\cloudAdmin\protected\modules\admin\views\users\admin.php(54): CController->renderPartial('_search', Array)
#10 C:\xampp\htdocs\Yii\Yii1.1\test\framework\web\CBaseController.php(126): require('C:\xampp\htdocs...')
#11 C:\xampp\htdocs\Yii\Yii1.1\test\framework\web\CBaseController.php(95): CBaseController->renderInternal('C:\xampp\htdocs...', Array, true)
#12 C:\xampp\htdocs\Yii\Yii1.1\test\framework\web\CController.php(869): CBaseController->renderFile('C:\xampp\htdocs...', Array, true)
#13 C:\xampp\htdocs\Yii\Yii1.1\test\framework\web\CController.php(782): CController->renderPartial('admin', Array, true)
#14 C:\xampp\htdocs\cloudAdmin\protected\modules\admin\controllers\UsersController.php(172): CController->render('admin', Array)
#15 C:\xampp\htdocs\Yii\Yii1.1\test\framework\web\actions\CInlineAction.php(49): UsersController->actionAdmin()
#16 C:\xampp\htdocs\Yii\Yii1.1\test\framework\web\CController.php(308): CInlineAction->runWithParams(Array)
#17 C:\xampp\htdocs\Yii\Yii1.1\test\framework\web\filters\CFilterChain.php(133): CController->runAction(Object(CInlineAction))
#18 C:\xampp\htdocs\Yii\Yii1.1\test\framework\web\filters\CFilter.php(40): CFilterChain->run()
#19 C:\xampp\htdocs\Yii\Yii1.1\test\framework\web\CController.php(1145): CFilter->filter(Object(CFilterChain))
#20 C:\xampp\htdocs\Yii\Yii1.1\test\framework\web\filters\CInlineFilter.php(58): CController->filterAccessControl(Object(CFilterChain))
#21 C:\xampp\htdocs\Yii\Yii1.1\test\framework\web\filters\CFilterChain.php(130): CInlineFilter->filter(Object(CFilterChain))
#22 C:\xampp\htdocs\Yii\Yii1.1\test\framework\web\CController.php(291): CFilterChain->run()
#23 C:\xampp\htdocs\Yii\Yii1.1\test\framework\web\CController.php(265): CController->runActionWithFilters(Object(CInlineAction), Array)
#24 C:\xampp\htdocs\Yii\Yii1.1\test\framework\web\CWebApplication.php(282): CController->run('admin')
#25 C:\xampp\htdocs\Yii\Yii1.1\test\framework\web\CWebApplication.php(141): CWebApplication->runController('admin/users/adm...')
#26 C:\xampp\htdocs\Yii\Yii1.1\test\framework\base\CApplication.php(184): CWebApplication->processRequest()
#27 C:\xampp\htdocs\cloudAdmin\index.php(13): CApplication->run()
#28 {main}
REQUEST_URI=/cloudAdmin/index.php?r=admin/users/admin
HTTP_REFERER=http://localhost:1500/cloudAdmin/index.php?r=admin
---
2015/02/26 15:32:13 [error] [exception.CException] exception 'CException' with message 'Property "ClientProfiles.summary" is not defined.' in C:\xampp\htdocs\Yii\Yii1.1\test\framework\base\CComponent.php:130
Stack trace:
#0 C:\xampp\htdocs\Yii\Yii1.1\test\framework\db\ar\CActiveRecord.php(145): CComponent->__get('summary')
#1 C:\xampp\htdocs\Yii\Yii1.1\test\framework\web\helpers\CHtml.php(2728): CActiveRecord->__get('summary')
#2 C:\xampp\htdocs\Yii\Yii1.1\test\framework\web\helpers\CHtml.php(1833): CHtml::resolveValue(Object(ClientProfiles), 'summary')
#3 C:\xampp\htdocs\Yii\Yii1.1\test\framework\web\widgets\CActiveForm.php(853): CHtml::activeTextArea(Object(ClientProfiles), 'summary', Array)
#4 C:\xampp\htdocs\cloudAdmin\protected\modules\admin\views\clientProfiles\_search.php(50): CActiveForm->textArea(Object(ClientProfiles), 'summary', Array)
#5 C:\xampp\htdocs\Yii\Yii1.1\test\framework\web\CBaseController.php(126): require('C:\xampp\htdocs...')
#6 C:\xampp\htdocs\Yii\Yii1.1\test\framework\web\CBaseController.php(95): CBaseController->renderInternal('C:\xampp\htdocs...', Array, true)
#7 C:\xampp\htdocs\Yii\Yii1.1\test\framework\web\CController.php(869): CBaseController->renderFile('C:\xampp\htdocs...', Array, true)
#8 C:\xampp\htdocs\cloudAdmin\protected\modules\admin\views\clientProfiles\admin.php(35): CController->renderPartial('_search', Array)
#9 C:\xampp\htdocs\Yii\Yii1.1\test\framework\web\CBaseController.php(126): require('C:\xampp\htdocs...')
#10 C:\xampp\htdocs\Yii\Yii1.1\test\framework\web\CBaseController.php(95): CBaseController->renderInternal('C:\xampp\htdocs...', Array, true)
#11 C:\xampp\htdocs\Yii\Yii1.1\test\framework\web\CController.php(869): CBaseController->renderFile('C:\xampp\htdocs...', Array, true)
#12 C:\xampp\htdocs\Yii\Yii1.1\test\framework\web\CController.php(782): CController->renderPartial('admin', Array, true)
#13 C:\xampp\htdocs\cloudAdmin\protected\modules\admin\controllers\ClientProfilesController.php(148): CController->render('admin', Array)
#14 C:\xampp\htdocs\Yii\Yii1.1\test\framework\web\actions\CInlineAction.php(49): ClientProfilesController->actionAdmin()
#15 C:\xampp\htdocs\Yii\Yii1.1\test\framework\web\CController.php(308): CInlineAction->runWithParams(Array)
#16 C:\xampp\htdocs\Yii\Yii1.1\test\framework\web\filters\CFilterChain.php(133): CController->runAction(Object(CInlineAction))
#17 C:\xampp\htdocs\Yii\Yii1.1\test\framework\web\filters\CFilter.php(40): CFilterChain->run()
#18 C:\xampp\htdocs\Yii\Yii1.1\test\framework\web\CController.php(1145): CFilter->filter(Object(CFilterChain))
#19 C:\xampp\htdocs\Yii\Yii1.1\test\framework\web\filters\CInlineFilter.php(58): CController->filterAccessControl(Object(CFilterChain))
#20 C:\xampp\htdocs\Yii\Yii1.1\test\framework\web\filters\CFilterChain.php(130): CInlineFilter->filter(Object(CFilterChain))
#21 C:\xampp\htdocs\Yii\Yii1.1\test\framework\web\CController.php(291): CFilterChain->run()
#22 C:\xampp\htdocs\Yii\Yii1.1\test\framework\web\CController.php(265): CController->runActionWithFilters(Object(CInlineAction), Array)
#23 C:\xampp\htdocs\Yii\Yii1.1\test\framework\web\CWebApplication.php(282): CController->run('admin')
#24 C:\xampp\htdocs\Yii\Yii1.1\test\framework\web\CWebApplication.php(141): CWebApplication->runController('admin/clientPro...')
#25 C:\xampp\htdocs\Yii\Yii1.1\test\framework\base\CApplication.php(184): CWebApplication->processRequest()
#26 C:\xampp\htdocs\cloudAdmin\index.php(13): CApplication->run()
#27 {main}
REQUEST_URI=/cloudAdmin/index.php?r=admin/clientProfiles/admin
HTTP_REFERER=http://localhost:1500/cloudAdmin/index.php?r=admin/clientProjects/active
---
